Build output check failed:
    Regex: 'command[- ]line option .* is valid for .* but not for C'
    Output line: 'cc1: warning: command-line option ‘-Wnon-virtual-dtor’ is valid for C++/ObjC++ but not for C'
Compilation failed:
    source file: '/home/rton/ModelQuantization/3rdparty/opencv/build_arm64/CMakeFiles/CMakeTmp/src.c'
    check option: ' -fsigned-char -W -Wall -Wreturn-type  -Wnon-virtual-dtor'
===== BUILD LOG =====
Change Dir: /home/rton/ModelQuantization/3rdparty/opencv/build_arm64/CMakeFiles/CMakeTmp

Run Build Command(s):/usr/bin/gmake -f Makefile cmTC_b3218/fast && /usr/bin/gmake  -f CMakeFiles/cmTC_b3218.dir/build.make CMakeFiles/cmTC_b3218.dir/build
gmake[1]: Entering directory '/home/rton/ModelQuantization/3rdparty/opencv/build_arm64/CMakeFiles/CMakeTmp'
Building C object CMakeFiles/cmTC_b3218.dir/src.c.o
/usr/bin/aarch64-linux-gnu-gcc   -O3 -DNDEBUG -fPIE    -fsigned-char -W -Wall -Wreturn-type  -Wnon-virtual-dtor -o CMakeFiles/cmTC_b3218.dir/src.c.o -c /home/rton/ModelQuantization/3rdparty/opencv/build_arm64/CMakeFiles/CMakeTmp/src.c
cc1: warning: command-line option ‘-Wnon-virtual-dtor’ is valid for C++/ObjC++ but not for C
/home/rton/ModelQuantization/3rdparty/opencv/build_arm64/CMakeFiles/CMakeTmp/src.c:1: warning: ignoring ‘#pragma  ’ [-Wunknown-pragmas]
    1 | #pragma
      | 
Linking C executable cmTC_b3218
/usr/bin/cmake -E cmake_link_script CMakeFiles/cmTC_b3218.dir/link.txt --verbose=1
/usr/bin/aarch64-linux-gnu-gcc -O3 -DNDEBUG CMakeFiles/cmTC_b3218.dir/src.c.o -o cmTC_b3218 
gmake[1]: Leaving directory '/home/rton/ModelQuantization/3rdparty/opencv/build_arm64/CMakeFiles/CMakeTmp'


===== END =====

Build output check failed:
    Regex: 'command[- ]line option .* is valid for .* but not for C\+\+'
    Output line: 'cc1plus: warning: command-line option ‘-Wmissing-prototypes’ is valid for C/ObjC but not for C++'
Compilation failed:
    source file: '/home/rton/ModelQuantization/3rdparty/opencv/build_arm64/CMakeFiles/CMakeTmp/src.cxx'
    check option: ' -fsigned-char -W -Wall -Wreturn-type -Wnon-virtual-dtor -Waddress -Wsequence-point -Wformat -Wformat-security -Wmissing-declarations  -Wmissing-prototypes'
===== BUILD LOG =====
Change Dir: /home/rton/ModelQuantization/3rdparty/opencv/build_arm64/CMakeFiles/CMakeTmp

Run Build Command(s):/usr/bin/gmake -f Makefile cmTC_3497d/fast && /usr/bin/gmake  -f CMakeFiles/cmTC_3497d.dir/build.make CMakeFiles/cmTC_3497d.dir/build
gmake[1]: Entering directory '/home/rton/ModelQuantization/3rdparty/opencv/build_arm64/CMakeFiles/CMakeTmp'
Building CXX object CMakeFiles/cmTC_3497d.dir/src.cxx.o
/usr/bin/aarch64-linux-gnu-g++   -O3 -DNDEBUG -fPIE    -fsigned-char -W -Wall -Wreturn-type -Wnon-virtual-dtor -Waddress -Wsequence-point -Wformat -Wformat-security -Wmissing-declarations  -Wmissing-prototypes -std=c++11 -o CMakeFiles/cmTC_3497d.dir/src.cxx.o -c /home/rton/ModelQuantization/3rdparty/opencv/build_arm64/CMakeFiles/CMakeTmp/src.cxx
cc1plus: warning: command-line option ‘-Wmissing-prototypes’ is valid for C/ObjC but not for C++
/home/rton/ModelQuantization/3rdparty/opencv/build_arm64/CMakeFiles/CMakeTmp/src.cxx:1: warning: ignoring ‘#pragma  ’ [-Wunknown-pragmas]
    1 | #pragma
      | 
Linking CXX executable cmTC_3497d
/usr/bin/cmake -E cmake_link_script CMakeFiles/cmTC_3497d.dir/link.txt --verbose=1
/usr/bin/aarch64-linux-gnu-g++ -O3 -DNDEBUG CMakeFiles/cmTC_3497d.dir/src.cxx.o -o cmTC_3497d 
gmake[1]: Leaving directory '/home/rton/ModelQuantization/3rdparty/opencv/build_arm64/CMakeFiles/CMakeTmp'


===== END =====

Build output check failed:
    Regex: 'command[- ]line option .* is valid for .* but not for C\+\+'
    Output line: 'cc1plus: warning: command-line option ‘-Wstrict-prototypes’ is valid for C/ObjC but not for C++'
Compilation failed:
    source file: '/home/rton/ModelQuantization/3rdparty/opencv/build_arm64/CMakeFiles/CMakeTmp/src.cxx'
    check option: ' -fsigned-char -W -Wall -Wreturn-type -Wnon-virtual-dtor -Waddress -Wsequence-point -Wformat -Wformat-security -Wmissing-declarations  -Wstrict-prototypes'
===== BUILD LOG =====
Change Dir: /home/rton/ModelQuantization/3rdparty/opencv/build_arm64/CMakeFiles/CMakeTmp

Run Build Command(s):/usr/bin/gmake -f Makefile cmTC_ea77b/fast && /usr/bin/gmake  -f CMakeFiles/cmTC_ea77b.dir/build.make CMakeFiles/cmTC_ea77b.dir/build
gmake[1]: Entering directory '/home/rton/ModelQuantization/3rdparty/opencv/build_arm64/CMakeFiles/CMakeTmp'
Building CXX object CMakeFiles/cmTC_ea77b.dir/src.cxx.o
/usr/bin/aarch64-linux-gnu-g++   -O3 -DNDEBUG -fPIE    -fsigned-char -W -Wall -Wreturn-type -Wnon-virtual-dtor -Waddress -Wsequence-point -Wformat -Wformat-security -Wmissing-declarations  -Wstrict-prototypes -std=c++11 -o CMakeFiles/cmTC_ea77b.dir/src.cxx.o -c /home/rton/ModelQuantization/3rdparty/opencv/build_arm64/CMakeFiles/CMakeTmp/src.cxx
cc1plus: warning: command-line option ‘-Wstrict-prototypes’ is valid for C/ObjC but not for C++
/home/rton/ModelQuantization/3rdparty/opencv/build_arm64/CMakeFiles/CMakeTmp/src.cxx:1: warning: ignoring ‘#pragma  ’ [-Wunknown-pragmas]
    1 | #pragma
      | 
Linking CXX executable cmTC_ea77b
/usr/bin/cmake -E cmake_link_script CMakeFiles/cmTC_ea77b.dir/link.txt --verbose=1
/usr/bin/aarch64-linux-gnu-g++ -O3 -DNDEBUG CMakeFiles/cmTC_ea77b.dir/src.cxx.o -o cmTC_ea77b 
gmake[1]: Leaving directory '/home/rton/ModelQuantization/3rdparty/opencv/build_arm64/CMakeFiles/CMakeTmp'


===== END =====

Build output check failed:
    Regex: 'command[- ]line option .* is valid for .* but not for C'
    Output line: 'cc1: warning: command-line option ‘-Wsign-promo’ is valid for C++/ObjC++ but not for C'
Compilation failed:
    source file: '/home/rton/ModelQuantization/3rdparty/opencv/build_arm64/CMakeFiles/CMakeTmp/src.c'
    check option: ' -fsigned-char -W -Wall -Wreturn-type -Waddress -Wsequence-point -Wformat -Wformat-security -Wmissing-declarations -Wmissing-prototypes -Wstrict-prototypes -Wundef -Winit-self -Wpointer-arith -Wshadow  -Wsign-promo'
===== BUILD LOG =====
Change Dir: /home/rton/ModelQuantization/3rdparty/opencv/build_arm64/CMakeFiles/CMakeTmp

Run Build Command(s):/usr/bin/gmake -f Makefile cmTC_6f8d9/fast && /usr/bin/gmake  -f CMakeFiles/cmTC_6f8d9.dir/build.make CMakeFiles/cmTC_6f8d9.dir/build
gmake[1]: Entering directory '/home/rton/ModelQuantization/3rdparty/opencv/build_arm64/CMakeFiles/CMakeTmp'
Building C object CMakeFiles/cmTC_6f8d9.dir/src.c.o
/usr/bin/aarch64-linux-gnu-gcc   -O3 -DNDEBUG -fPIE    -fsigned-char -W -Wall -Wreturn-type -Waddress -Wsequence-point -Wformat -Wformat-security -Wmissing-declarations -Wmissing-prototypes -Wstrict-prototypes -Wundef -Winit-self -Wpointer-arith -Wshadow  -Wsign-promo -o CMakeFiles/cmTC_6f8d9.dir/src.c.o -c /home/rton/ModelQuantization/3rdparty/opencv/build_arm64/CMakeFiles/CMakeTmp/src.c
cc1: warning: command-line option ‘-Wsign-promo’ is valid for C++/ObjC++ but not for C
/home/rton/ModelQuantization/3rdparty/opencv/build_arm64/CMakeFiles/CMakeTmp/src.c:1: warning: ignoring ‘#pragma  ’ [-Wunknown-pragmas]
    1 | #pragma
      | 
Linking C executable cmTC_6f8d9
/usr/bin/cmake -E cmake_link_script CMakeFiles/cmTC_6f8d9.dir/link.txt --verbose=1
/usr/bin/aarch64-linux-gnu-gcc -O3 -DNDEBUG CMakeFiles/cmTC_6f8d9.dir/src.c.o -o cmTC_6f8d9 
gmake[1]: Leaving directory '/home/rton/ModelQuantization/3rdparty/opencv/build_arm64/CMakeFiles/CMakeTmp'


===== END =====

Build output check failed:
    Regex: 'command[- ]line option .* is valid for .* but not for C'
    Output line: 'cc1: warning: command-line option ‘-Wsuggest-override’ is valid for C++/ObjC++ but not for C'
Compilation failed:
    source file: '/home/rton/ModelQuantization/3rdparty/opencv/build_arm64/CMakeFiles/CMakeTmp/src.c'
    check option: ' -fsigned-char -W -Wall -Wreturn-type -Waddress -Wsequence-point -Wformat -Wformat-security -Wmissing-declarations -Wmissing-prototypes -Wstrict-prototypes -Wundef -Winit-self -Wpointer-arith -Wshadow -Wuninitialized  -Wsuggest-override'
===== BUILD LOG =====
Change Dir: /home/rton/ModelQuantization/3rdparty/opencv/build_arm64/CMakeFiles/CMakeTmp

Run Build Command(s):/usr/bin/gmake -f Makefile cmTC_4fe34/fast && /usr/bin/gmake  -f CMakeFiles/cmTC_4fe34.dir/build.make CMakeFiles/cmTC_4fe34.dir/build
gmake[1]: Entering directory '/home/rton/ModelQuantization/3rdparty/opencv/build_arm64/CMakeFiles/CMakeTmp'
Building C object CMakeFiles/cmTC_4fe34.dir/src.c.o
/usr/bin/aarch64-linux-gnu-gcc   -O3 -DNDEBUG -fPIE    -fsigned-char -W -Wall -Wreturn-type -Waddress -Wsequence-point -Wformat -Wformat-security -Wmissing-declarations -Wmissing-prototypes -Wstrict-prototypes -Wundef -Winit-self -Wpointer-arith -Wshadow -Wuninitialized  -Wsuggest-override -o CMakeFiles/cmTC_4fe34.dir/src.c.o -c /home/rton/ModelQuantization/3rdparty/opencv/build_arm64/CMakeFiles/CMakeTmp/src.c
cc1: warning: command-line option ‘-Wsuggest-override’ is valid for C++/ObjC++ but not for C
/home/rton/ModelQuantization/3rdparty/opencv/build_arm64/CMakeFiles/CMakeTmp/src.c:1: warning: ignoring ‘#pragma  ’ [-Wunknown-pragmas]
    1 | #pragma
      | 
Linking C executable cmTC_4fe34
/usr/bin/cmake -E cmake_link_script CMakeFiles/cmTC_4fe34.dir/link.txt --verbose=1
/usr/bin/aarch64-linux-gnu-gcc -O3 -DNDEBUG CMakeFiles/cmTC_4fe34.dir/src.c.o -o cmTC_4fe34 
gmake[1]: Leaving directory '/home/rton/ModelQuantization/3rdparty/opencv/build_arm64/CMakeFiles/CMakeTmp'


===== END =====

Build output check failed:
    Regex: 'command[- ]line option .* is valid for .* but not for C'
    Output line: 'cc1: warning: command-line option ‘-Wno-delete-non-virtual-dtor’ is valid for C++/ObjC++ but not for C'
Compilation failed:
    source file: '/home/rton/ModelQuantization/3rdparty/opencv/build_arm64/CMakeFiles/CMakeTmp/src.c'
    check option: ' -fsigned-char -W -Wall -Wreturn-type -Waddress -Wsequence-point -Wformat -Wformat-security -Wmissing-declarations -Wmissing-prototypes -Wstrict-prototypes -Wundef -Winit-self -Wpointer-arith -Wshadow -Wuninitialized  -Wno-delete-non-virtual-dtor'
===== BUILD LOG =====
Change Dir: /home/rton/ModelQuantization/3rdparty/opencv/build_arm64/CMakeFiles/CMakeTmp

Run Build Command(s):/usr/bin/gmake -f Makefile cmTC_a51f5/fast && /usr/bin/gmake  -f CMakeFiles/cmTC_a51f5.dir/build.make CMakeFiles/cmTC_a51f5.dir/build
gmake[1]: Entering directory '/home/rton/ModelQuantization/3rdparty/opencv/build_arm64/CMakeFiles/CMakeTmp'
Building C object CMakeFiles/cmTC_a51f5.dir/src.c.o
/usr/bin/aarch64-linux-gnu-gcc   -O3 -DNDEBUG -fPIE    -fsigned-char -W -Wall -Wreturn-type -Waddress -Wsequence-point -Wformat -Wformat-security -Wmissing-declarations -Wmissing-prototypes -Wstrict-prototypes -Wundef -Winit-self -Wpointer-arith -Wshadow -Wuninitialized  -Wno-delete-non-virtual-dtor -o CMakeFiles/cmTC_a51f5.dir/src.c.o -c /home/rton/ModelQuantization/3rdparty/opencv/build_arm64/CMakeFiles/CMakeTmp/src.c
cc1: warning: command-line option ‘-Wno-delete-non-virtual-dtor’ is valid for C++/ObjC++ but not for C
/home/rton/ModelQuantization/3rdparty/opencv/build_arm64/CMakeFiles/CMakeTmp/src.c:1: warning: ignoring ‘#pragma  ’ [-Wunknown-pragmas]
    1 | #pragma
      | 
Linking C executable cmTC_a51f5
/usr/bin/cmake -E cmake_link_script CMakeFiles/cmTC_a51f5.dir/link.txt --verbose=1
/usr/bin/aarch64-linux-gnu-gcc -O3 -DNDEBUG CMakeFiles/cmTC_a51f5.dir/src.c.o -o cmTC_a51f5 
gmake[1]: Leaving directory '/home/rton/ModelQuantization/3rdparty/opencv/build_arm64/CMakeFiles/CMakeTmp'


===== END =====

Build output check failed:
    Regex: 'unrecognized .*option'
    Output line: 'cc1plus: note: unrecognized command-line option ‘-Wno-unnamed-type-template-args’ may have been intended to silence earlier diagnostics'
Compilation failed:
    source file: '/home/rton/ModelQuantization/3rdparty/opencv/build_arm64/CMakeFiles/CMakeTmp/src.cxx'
    check option: ' -fsigned-char -W -Wall -Wreturn-type -Wnon-virtual-dtor -Waddress -Wsequence-point -Wformat -Wformat-security -Wmissing-declarations -Wundef -Winit-self -Wpointer-arith -Wshadow -Wsign-promo -Wuninitialized -Wsuggest-override -Wno-delete-non-virtual-dtor  -Wno-unnamed-type-template-args'
===== BUILD LOG =====
Change Dir: /home/rton/ModelQuantization/3rdparty/opencv/build_arm64/CMakeFiles/CMakeTmp

Run Build Command(s):/usr/bin/gmake -f Makefile cmTC_f1730/fast && /usr/bin/gmake  -f CMakeFiles/cmTC_f1730.dir/build.make CMakeFiles/cmTC_f1730.dir/build
gmake[1]: Entering directory '/home/rton/ModelQuantization/3rdparty/opencv/build_arm64/CMakeFiles/CMakeTmp'
Building CXX object CMakeFiles/cmTC_f1730.dir/src.cxx.o
/usr/bin/aarch64-linux-gnu-g++   -O3 -DNDEBUG -fPIE    -fsigned-char -W -Wall -Wreturn-type -Wnon-virtual-dtor -Waddress -Wsequence-point -Wformat -Wformat-security -Wmissing-declarations -Wundef -Winit-self -Wpointer-arith -Wshadow -Wsign-promo -Wuninitialized -Wsuggest-override -Wno-delete-non-virtual-dtor  -Wno-unnamed-type-template-args -std=c++11 -o CMakeFiles/cmTC_f1730.dir/src.cxx.o -c /home/rton/ModelQuantization/3rdparty/opencv/build_arm64/CMakeFiles/CMakeTmp/src.cxx
/home/rton/ModelQuantization/3rdparty/opencv/build_arm64/CMakeFiles/CMakeTmp/src.cxx:1: warning: ignoring ‘#pragma  ’ [-Wunknown-pragmas]
    1 | #pragma
      | 
cc1plus: note: unrecognized command-line option ‘-Wno-unnamed-type-template-args’ may have been intended to silence earlier diagnostics
Linking CXX executable cmTC_f1730
/usr/bin/cmake -E cmake_link_script CMakeFiles/cmTC_f1730.dir/link.txt --verbose=1
/usr/bin/aarch64-linux-gnu-g++ -O3 -DNDEBUG CMakeFiles/cmTC_f1730.dir/src.cxx.o -o cmTC_f1730 
gmake[1]: Leaving directory '/home/rton/ModelQuantization/3rdparty/opencv/build_arm64/CMakeFiles/CMakeTmp'


===== END =====

Build output check failed:
    Regex: 'unrecognized .*option'
    Output line: 'cc1: note: unrecognized command-line option ‘-Wno-unnamed-type-template-args’ may have been intended to silence earlier diagnostics'
Compilation failed:
    source file: '/home/rton/ModelQuantization/3rdparty/opencv/build_arm64/CMakeFiles/CMakeTmp/src.c'
    check option: ' -fsigned-char -W -Wall -Wreturn-type -Waddress -Wsequence-point -Wformat -Wformat-security -Wmissing-declarations -Wmissing-prototypes -Wstrict-prototypes -Wundef -Winit-self -Wpointer-arith -Wshadow -Wuninitialized  -Wno-unnamed-type-template-args'
===== BUILD LOG =====
Change Dir: /home/rton/ModelQuantization/3rdparty/opencv/build_arm64/CMakeFiles/CMakeTmp

Run Build Command(s):/usr/bin/gmake -f Makefile cmTC_e2d56/fast && /usr/bin/gmake  -f CMakeFiles/cmTC_e2d56.dir/build.make CMakeFiles/cmTC_e2d56.dir/build
gmake[1]: Entering directory '/home/rton/ModelQuantization/3rdparty/opencv/build_arm64/CMakeFiles/CMakeTmp'
Building C object CMakeFiles/cmTC_e2d56.dir/src.c.o
/usr/bin/aarch64-linux-gnu-gcc   -O3 -DNDEBUG -fPIE    -fsigned-char -W -Wall -Wreturn-type -Waddress -Wsequence-point -Wformat -Wformat-security -Wmissing-declarations -Wmissing-prototypes -Wstrict-prototypes -Wundef -Winit-self -Wpointer-arith -Wshadow -Wuninitialized  -Wno-unnamed-type-template-args -o CMakeFiles/cmTC_e2d56.dir/src.c.o -c /home/rton/ModelQuantization/3rdparty/opencv/build_arm64/CMakeFiles/CMakeTmp/src.c
/home/rton/ModelQuantization/3rdparty/opencv/build_arm64/CMakeFiles/CMakeTmp/src.c:1: warning: ignoring ‘#pragma  ’ [-Wunknown-pragmas]
    1 | #pragma
      | 
cc1: note: unrecognized command-line option ‘-Wno-unnamed-type-template-args’ may have been intended to silence earlier diagnostics
Linking C executable cmTC_e2d56
/usr/bin/cmake -E cmake_link_script CMakeFiles/cmTC_e2d56.dir/link.txt --verbose=1
/usr/bin/aarch64-linux-gnu-gcc -O3 -DNDEBUG CMakeFiles/cmTC_e2d56.dir/src.c.o -o cmTC_e2d56 
gmake[1]: Leaving directory '/home/rton/ModelQuantization/3rdparty/opencv/build_arm64/CMakeFiles/CMakeTmp'


===== END =====

Build output check failed:
    Regex: 'command[- ]line option .* is valid for .* but not for C'
    Output line: 'cc1: warning: command-line option ‘-fvisibility-inlines-hidden’ is valid for C++/ObjC++ but not for C'
Compilation failed:
    source file: '/home/rton/ModelQuantization/3rdparty/opencv/build_arm64/CMakeFiles/CMakeTmp/src.c'
    check option: ' -fsigned-char -W -Wall -Wreturn-type -Waddress -Wsequence-point -Wformat -Wformat-security -Wmissing-declarations -Wmissing-prototypes -Wstrict-prototypes -Wundef -Winit-self -Wpointer-arith -Wshadow -Wuninitialized -Wno-comment -Wimplicit-fallthrough=3 -Wno-strict-overflow -fdiagnostics-show-option -pthread -fomit-frame-pointer -ffunction-sections -fdata-sections  -fvisibility=hidden  -fvisibility-inlines-hidden'
===== BUILD LOG =====
Change Dir: /home/rton/ModelQuantization/3rdparty/opencv/build_arm64/CMakeFiles/CMakeTmp

Run Build Command(s):/usr/bin/gmake -f Makefile cmTC_d8d17/fast && /usr/bin/gmake  -f CMakeFiles/cmTC_d8d17.dir/build.make CMakeFiles/cmTC_d8d17.dir/build
gmake[1]: Entering directory '/home/rton/ModelQuantization/3rdparty/opencv/build_arm64/CMakeFiles/CMakeTmp'
Building C object CMakeFiles/cmTC_d8d17.dir/src.c.o
/usr/bin/aarch64-linux-gnu-gcc   -O3 -DNDEBUG -fPIE    -fsigned-char -W -Wall -Wreturn-type -Waddress -Wsequence-point -Wformat -Wformat-security -Wmissing-declarations -Wmissing-prototypes -Wstrict-prototypes -Wundef -Winit-self -Wpointer-arith -Wshadow -Wuninitialized -Wno-comment -Wimplicit-fallthrough=3 -Wno-strict-overflow -fdiagnostics-show-option -pthread -fomit-frame-pointer -ffunction-sections -fdata-sections  -fvisibility=hidden  -fvisibility-inlines-hidden -o CMakeFiles/cmTC_d8d17.dir/src.c.o -c /home/rton/ModelQuantization/3rdparty/opencv/build_arm64/CMakeFiles/CMakeTmp/src.c
cc1: warning: command-line option ‘-fvisibility-inlines-hidden’ is valid for C++/ObjC++ but not for C
/home/rton/ModelQuantization/3rdparty/opencv/build_arm64/CMakeFiles/CMakeTmp/src.c:1: warning: ignoring ‘#pragma  ’ [-Wunknown-pragmas]
    1 | #pragma
      | 
Linking C executable cmTC_d8d17
/usr/bin/cmake -E cmake_link_script CMakeFiles/cmTC_d8d17.dir/link.txt --verbose=1
/usr/bin/aarch64-linux-gnu-gcc -O3 -DNDEBUG CMakeFiles/cmTC_d8d17.dir/src.c.o -o cmTC_d8d17 
gmake[1]: Leaving directory '/home/rton/ModelQuantization/3rdparty/opencv/build_arm64/CMakeFiles/CMakeTmp'


===== END =====

Determining if the elf_aux_info exist failed with the following output:
Change Dir: /home/rton/ModelQuantization/3rdparty/opencv/build_arm64/CMakeFiles/CMakeTmp

Run Build Command(s):/usr/bin/gmake -f Makefile cmTC_ec41d/fast && /usr/bin/gmake  -f CMakeFiles/cmTC_ec41d.dir/build.make CMakeFiles/cmTC_ec41d.dir/build
gmake[1]: Entering directory '/home/rton/ModelQuantization/3rdparty/opencv/build_arm64/CMakeFiles/CMakeTmp'
Building C object CMakeFiles/cmTC_ec41d.dir/CheckSymbolExists.c.o
/usr/bin/aarch64-linux-gnu-gcc   -fsigned-char -W -Wall -Wreturn-type -Waddress -Wsequence-point -Wformat -Wformat-security -Wmissing-declarations -Wmissing-prototypes -Wstrict-prototypes -Wundef -Winit-self -Wpointer-arith -Wshadow -Wuninitialized -Wno-comment -Wimplicit-fallthrough=3 -Wno-strict-overflow -fdiagnostics-show-option -pthread -fomit-frame-pointer -ffunction-sections -fdata-sections  -fvisibility=hidden  -O3 -DNDEBUG  -DNDEBUG -fPIE -o CMakeFiles/cmTC_ec41d.dir/CheckSymbolExists.c.o -c /home/rton/ModelQuantization/3rdparty/opencv/build_arm64/CMakeFiles/CMakeTmp/CheckSymbolExists.c
/home/rton/ModelQuantization/3rdparty/opencv/build_arm64/CMakeFiles/CMakeTmp/CheckSymbolExists.c: In function ‘main’:
/home/rton/ModelQuantization/3rdparty/opencv/build_arm64/CMakeFiles/CMakeTmp/CheckSymbolExists.c:8:19: error: ‘elf_aux_info’ undeclared (first use in this function)
    8 |   return ((int*)(&elf_aux_info))[argc];
      |                   ^~~~~~~~~~~~
/home/rton/ModelQuantization/3rdparty/opencv/build_arm64/CMakeFiles/CMakeTmp/CheckSymbolExists.c:8:19: note: each undeclared identifier is reported only once for each function it appears in
/home/rton/ModelQuantization/3rdparty/opencv/build_arm64/CMakeFiles/CMakeTmp/CheckSymbolExists.c:4:14: warning: parameter ‘argc’ set but not used [-Wunused-but-set-parameter]
    4 | int main(int argc, char** argv)
      |          ~~~~^~~~
gmake[1]: *** [CMakeFiles/cmTC_ec41d.dir/build.make:78: CMakeFiles/cmTC_ec41d.dir/CheckSymbolExists.c.o] Error 1
gmake[1]: Leaving directory '/home/rton/ModelQuantization/3rdparty/opencv/build_arm64/CMakeFiles/CMakeTmp'
gmake: *** [Makefile:127: cmTC_ec41d/fast] Error 2


File /home/rton/ModelQuantization/3rdparty/opencv/build_arm64/CMakeFiles/CMakeTmp/CheckSymbolExists.c:
/* */
#include <sys/auxv.h>

int main(int argc, char** argv)
{
  (void)argv;
#ifndef elf_aux_info
  return ((int*)(&elf_aux_info))[argc];
#else
  (void)argc;
  return 0;
#endif
}
Determining size of off64_t failed with the following output:
Change Dir: /home/rton/ModelQuantization/3rdparty/opencv/build_arm64/CMakeFiles/CMakeTmp

Run Build Command(s):/usr/bin/gmake -f Makefile cmTC_9f596/fast && /usr/bin/gmake  -f CMakeFiles/cmTC_9f596.dir/build.make CMakeFiles/cmTC_9f596.dir/build
gmake[1]: Entering directory '/home/rton/ModelQuantization/3rdparty/opencv/build_arm64/CMakeFiles/CMakeTmp'
Building C object CMakeFiles/cmTC_9f596.dir/OFF64_T.c.o
/usr/bin/aarch64-linux-gnu-gcc   -fsigned-char -W -Wall -Wreturn-type -Waddress -Wsequence-point -Wformat -Wformat-security -Wmissing-declarations -Wmissing-prototypes -Wstrict-prototypes -Wundef -Winit-self -Wpointer-arith -Wshadow -Wuninitialized -Wno-comment -Wimplicit-fallthrough=3 -Wno-strict-overflow -fdiagnostics-show-option -pthread -fomit-frame-pointer -ffunction-sections -fdata-sections  -fvisibility=hidden  -O3 -DNDEBUG  -DNDEBUG -fPIE -o CMakeFiles/cmTC_9f596.dir/OFF64_T.c.o -c /home/rton/ModelQuantization/3rdparty/opencv/build_arm64/CMakeFiles/CheckTypeSize/OFF64_T.c
/home/rton/ModelQuantization/3rdparty/opencv/build_arm64/CMakeFiles/CheckTypeSize/OFF64_T.c:27:22: error: ‘off64_t’ undeclared here (not in a function); did you mean ‘off_t’?
   27 | #define SIZE (sizeof(off64_t))
      |                      ^~~~~~~
/home/rton/ModelQuantization/3rdparty/opencv/build_arm64/CMakeFiles/CheckTypeSize/OFF64_T.c:29:12: note: in expansion of macro ‘SIZE’
   29 |   ('0' + ((SIZE / 10000)%10)),
      |            ^~~~
gmake[1]: *** [CMakeFiles/cmTC_9f596.dir/build.make:78: CMakeFiles/cmTC_9f596.dir/OFF64_T.c.o] Error 1
gmake[1]: Leaving directory '/home/rton/ModelQuantization/3rdparty/opencv/build_arm64/CMakeFiles/CMakeTmp'
gmake: *** [Makefile:127: cmTC_9f596/fast] Error 2


/home/rton/ModelQuantization/3rdparty/opencv/build_arm64/CMakeFiles/CheckTypeSize/OFF64_T.c:
#include <sys/types.h>
#include <stdint.h>
#include <stddef.h>


#undef KEY
#if defined(__i386)
# define KEY '_','_','i','3','8','6'
#elif defined(__x86_64)
# define KEY '_','_','x','8','6','_','6','4'
#elif defined(__PPC64__)
# define KEY '_','_','P','P','C','6','4','_','_'
#elif defined(__ppc64__)
# define KEY '_','_','p','p','c','6','4','_','_'
#elif defined(__PPC__)
# define KEY '_','_','P','P','C','_','_'
#elif defined(__ppc__)
# define KEY '_','_','p','p','c','_','_'
#elif defined(__aarch64__)
# define KEY '_','_','a','a','r','c','h','6','4','_','_'
#elif defined(__ARM_ARCH_7A__)
# define KEY '_','_','A','R','M','_','A','R','C','H','_','7','A','_','_'
#elif defined(__ARM_ARCH_7S__)
# define KEY '_','_','A','R','M','_','A','R','C','H','_','7','S','_','_'
#endif

#define SIZE (sizeof(off64_t))
static char info_size[] =  {'I', 'N', 'F', 'O', ':', 's','i','z','e','[',
  ('0' + ((SIZE / 10000)%10)),
  ('0' + ((SIZE / 1000)%10)),
  ('0' + ((SIZE / 100)%10)),
  ('0' + ((SIZE / 10)%10)),
  ('0' +  (SIZE    % 10)),
  ']',
#ifdef KEY
  ' ','k','e','y','[', KEY, ']',
#endif
  '\0'};

#ifdef __CLASSIC_C__
int main(argc, argv) int argc; char *argv[];
#else
int main(int argc, char *argv[])
#endif
{
  int require = 0;
  require += info_size[argc];
  (void)argv;
  return require;
}


Build output check failed:
    Regex: 'unrecognized .*option'
    Output line: 'cc1: note: unrecognized command-line option ‘-Wno-shorten-64-to-32’ may have been intended to silence earlier diagnostics'
Compilation failed:
    source file: '/home/rton/ModelQuantization/3rdparty/opencv/build_arm64/CMakeFiles/CMakeTmp/src.c'
    check option: ' -Wno-shorten-64-to-32'
===== BUILD LOG =====
Change Dir: /home/rton/ModelQuantization/3rdparty/opencv/build_arm64/CMakeFiles/CMakeTmp

Run Build Command(s):/usr/bin/gmake -f Makefile cmTC_8d492/fast && /usr/bin/gmake  -f CMakeFiles/cmTC_8d492.dir/build.make CMakeFiles/cmTC_8d492.dir/build
gmake[1]: Entering directory '/home/rton/ModelQuantization/3rdparty/opencv/build_arm64/CMakeFiles/CMakeTmp'
Building C object CMakeFiles/cmTC_8d492.dir/src.c.o
/usr/bin/aarch64-linux-gnu-gcc   -fsigned-char -W -Wall -Wreturn-type -Waddress -Wsequence-point -Wformat -Wformat-security -Wmissing-declarations -Wmissing-prototypes -Wstrict-prototypes -Wundef -Winit-self -Wpointer-arith -Wshadow -Wuninitialized -Wno-comment -Wimplicit-fallthrough=3 -Wno-strict-overflow -fdiagnostics-show-option -pthread -fomit-frame-pointer -ffunction-sections -fdata-sections  -fvisibility=hidden  -O3 -DNDEBUG  -DNDEBUG -fPIE    -Wno-shorten-64-to-32 -o CMakeFiles/cmTC_8d492.dir/src.c.o -c /home/rton/ModelQuantization/3rdparty/opencv/build_arm64/CMakeFiles/CMakeTmp/src.c
/home/rton/ModelQuantization/3rdparty/opencv/build_arm64/CMakeFiles/CMakeTmp/src.c:1: warning: ignoring ‘#pragma  ’ [-Wunknown-pragmas]
    1 | #pragma
      | 
cc1: note: unrecognized command-line option ‘-Wno-shorten-64-to-32’ may have been intended to silence earlier diagnostics
Linking C executable cmTC_8d492
/usr/bin/cmake -E cmake_link_script CMakeFiles/cmTC_8d492.dir/link.txt --verbose=1
/usr/bin/aarch64-linux-gnu-gcc    -fsigned-char -W -Wall -Wreturn-type -Waddress -Wsequence-point -Wformat -Wformat-security -Wmissing-declarations -Wmissing-prototypes -Wstrict-prototypes -Wundef -Winit-self -Wpointer-arith -Wshadow -Wuninitialized -Wno-comment -Wimplicit-fallthrough=3 -Wno-strict-overflow -fdiagnostics-show-option -pthread -fomit-frame-pointer -ffunction-sections -fdata-sections  -fvisibility=hidden  -O3 -DNDEBUG  -DNDEBUG   -Wl,--gc-sections -Wl,--as-needed -Wl,--no-undefined  CMakeFiles/cmTC_8d492.dir/src.c.o -o cmTC_8d492 
gmake[1]: Leaving directory '/home/rton/ModelQuantization/3rdparty/opencv/build_arm64/CMakeFiles/CMakeTmp'


===== END =====

Build output check failed:
    Regex: 'unrecognized .*option'
    Output line: 'cc1: note: unrecognized command-line option ‘-Wno-null-pointer-subtraction’ may have been intended to silence earlier diagnostics'
Compilation failed:
    source file: '/home/rton/ModelQuantization/3rdparty/opencv/build_arm64/CMakeFiles/CMakeTmp/src.c'
    check option: ' -Wno-null-pointer-subtraction'
===== BUILD LOG =====
Change Dir: /home/rton/ModelQuantization/3rdparty/opencv/build_arm64/CMakeFiles/CMakeTmp

Run Build Command(s):/usr/bin/gmake -f Makefile cmTC_b7c98/fast && /usr/bin/gmake  -f CMakeFiles/cmTC_b7c98.dir/build.make CMakeFiles/cmTC_b7c98.dir/build
gmake[1]: Entering directory '/home/rton/ModelQuantization/3rdparty/opencv/build_arm64/CMakeFiles/CMakeTmp'
Building C object CMakeFiles/cmTC_b7c98.dir/src.c.o
/usr/bin/aarch64-linux-gnu-gcc   -fsigned-char -W -Wall -Wreturn-type -Waddress -Wsequence-point -Wformat -Wformat-security -Wmissing-declarations -Wmissing-prototypes -Wstrict-prototypes -Winit-self -Wpointer-arith -Wshadow -Wuninitialized -Wno-comment -Wno-strict-overflow -fdiagnostics-show-option -pthread -fomit-frame-pointer -ffunction-sections -fdata-sections  -fvisibility=hidden -Wno-undef -Wno-cast-align -Wno-implicit-fallthrough -Wno-unused-parameter -Wno-sign-compare -Wno-maybe-uninitialized  -O3 -DNDEBUG  -DNDEBUG -fPIE    -Wno-null-pointer-subtraction -o CMakeFiles/cmTC_b7c98.dir/src.c.o -c /home/rton/ModelQuantization/3rdparty/opencv/build_arm64/CMakeFiles/CMakeTmp/src.c
/home/rton/ModelQuantization/3rdparty/opencv/build_arm64/CMakeFiles/CMakeTmp/src.c:1: warning: ignoring ‘#pragma  ’ [-Wunknown-pragmas]
    1 | #pragma
      | 
cc1: note: unrecognized command-line option ‘-Wno-null-pointer-subtraction’ may have been intended to silence earlier diagnostics
Linking C executable cmTC_b7c98
/usr/bin/cmake -E cmake_link_script CMakeFiles/cmTC_b7c98.dir/link.txt --verbose=1
/usr/bin/aarch64-linux-gnu-gcc    -fsigned-char -W -Wall -Wreturn-type -Waddress -Wsequence-point -Wformat -Wformat-security -Wmissing-declarations -Wmissing-prototypes -Wstrict-prototypes -Winit-self -Wpointer-arith -Wshadow -Wuninitialized -Wno-comment -Wno-strict-overflow -fdiagnostics-show-option -pthread -fomit-frame-pointer -ffunction-sections -fdata-sections  -fvisibility=hidden -Wno-undef -Wno-cast-align -Wno-implicit-fallthrough -Wno-unused-parameter -Wno-sign-compare -Wno-maybe-uninitialized  -O3 -DNDEBUG  -DNDEBUG   -Wl,--gc-sections -Wl,--as-needed -Wl,--no-undefined  CMakeFiles/cmTC_b7c98.dir/src.c.o -o cmTC_b7c98 
gmake[1]: Leaving directory '/home/rton/ModelQuantization/3rdparty/opencv/build_arm64/CMakeFiles/CMakeTmp'


===== END =====

Determining if the function sgemm_ exists failed with the following output:
Change Dir: /home/rton/ModelQuantization/3rdparty/opencv/build_arm64/CMakeFiles/CMakeTmp

Run Build Command(s):/usr/bin/gmake -f Makefile cmTC_79729/fast && /usr/bin/gmake  -f CMakeFiles/cmTC_79729.dir/build.make CMakeFiles/cmTC_79729.dir/build
gmake[1]: Entering directory '/home/rton/ModelQuantization/3rdparty/opencv/build_arm64/CMakeFiles/CMakeTmp'
Building C object CMakeFiles/cmTC_79729.dir/CheckFunctionExists.c.o
/usr/bin/aarch64-linux-gnu-gcc   -fsigned-char -W -Wall -Wreturn-type -Waddress -Wsequence-point -Wformat -Wformat-security -Wmissing-declarations -Wmissing-prototypes -Wstrict-prototypes -Wundef -Winit-self -Wpointer-arith -Wshadow -Wuninitialized -Wno-comment -Wimplicit-fallthrough=3 -Wno-strict-overflow -fdiagnostics-show-option -pthread -fomit-frame-pointer -ffunction-sections -fdata-sections  -fvisibility=hidden -DCHECK_FUNCTION_EXISTS=sgemm_ -O3 -DNDEBUG  -DNDEBUG -fPIE -o CMakeFiles/cmTC_79729.dir/CheckFunctionExists.c.o -c /usr/share/cmake-3.22/Modules/CheckFunctionExists.c
Linking C executable cmTC_79729
/usr/bin/cmake -E cmake_link_script CMakeFiles/cmTC_79729.dir/link.txt --verbose=1
/usr/bin/aarch64-linux-gnu-gcc    -fsigned-char -W -Wall -Wreturn-type -Waddress -Wsequence-point -Wformat -Wformat-security -Wmissing-declarations -Wmissing-prototypes -Wstrict-prototypes -Wundef -Winit-self -Wpointer-arith -Wshadow -Wuninitialized -Wno-comment -Wimplicit-fallthrough=3 -Wno-strict-overflow -fdiagnostics-show-option -pthread -fomit-frame-pointer -ffunction-sections -fdata-sections  -fvisibility=hidden -DCHECK_FUNCTION_EXISTS=sgemm_ -O3 -DNDEBUG  -DNDEBUG   -Wl,--gc-sections -Wl,--as-needed -Wl,--no-undefined  CMakeFiles/cmTC_79729.dir/CheckFunctionExists.c.o -o cmTC_79729 
/usr/lib/gcc-cross/aarch64-linux-gnu/11/../../../../aarch64-linux-gnu/bin/ld: CMakeFiles/cmTC_79729.dir/CheckFunctionExists.c.o: in function `main':
CheckFunctionExists.c:(.text.startup.main+0x10): undefined reference to `sgemm_'
collect2: error: ld returned 1 exit status
gmake[1]: *** [CMakeFiles/cmTC_79729.dir/build.make:99: cmTC_79729] Error 1
gmake[1]: Leaving directory '/home/rton/ModelQuantization/3rdparty/opencv/build_arm64/CMakeFiles/CMakeTmp'
gmake: *** [Makefile:127: cmTC_79729/fast] Error 2



Build output check failed:
    Regex: 'command[- ]line option .* is valid for .* but not for C\+\+'
    Output line: 'cc1plus: warning: command-line option ‘-Wno-missing-prototypes’ is valid for C/ObjC but not for C++'
Compilation failed:
    source file: '/home/rton/ModelQuantization/3rdparty/opencv/build_arm64/CMakeFiles/CMakeTmp/src.cxx'
    check option: ' -Wno-missing-prototypes'
===== BUILD LOG =====
Change Dir: /home/rton/ModelQuantization/3rdparty/opencv/build_arm64/CMakeFiles/CMakeTmp

Run Build Command(s):/usr/bin/gmake -f Makefile cmTC_dd76c/fast && /usr/bin/gmake  -f CMakeFiles/cmTC_dd76c.dir/build.make CMakeFiles/cmTC_dd76c.dir/build
gmake[1]: Entering directory '/home/rton/ModelQuantization/3rdparty/opencv/build_arm64/CMakeFiles/CMakeTmp'
Building CXX object CMakeFiles/cmTC_dd76c.dir/src.cxx.o
/usr/bin/aarch64-linux-gnu-g++   -fsigned-char -W -Wall -Wreturn-type -Wnon-virtual-dtor -Waddress -Wsequence-point -Wformat -Wformat-security -Wmissing-declarations -Wundef -Winit-self -Wpointer-arith -Wshadow -Wsign-promo -Wuninitialized -Wsuggest-override -Wno-delete-non-virtual-dtor -Wno-comment -Wimplicit-fallthrough=3 -Wno-strict-overflow -fdiagnostics-show-option -pthread -fomit-frame-pointer -ffunction-sections -fdata-sections  -fvisibility=hidden -fvisibility-inlines-hidden -Wno-deprecated  -O3 -DNDEBUG  -DNDEBUG -fPIE    -Wno-missing-prototypes -std=c++11 -o CMakeFiles/cmTC_dd76c.dir/src.cxx.o -c /home/rton/ModelQuantization/3rdparty/opencv/build_arm64/CMakeFiles/CMakeTmp/src.cxx
cc1plus: warning: command-line option ‘-Wno-missing-prototypes’ is valid for C/ObjC but not for C++
/home/rton/ModelQuantization/3rdparty/opencv/build_arm64/CMakeFiles/CMakeTmp/src.cxx:1: warning: ignoring ‘#pragma  ’ [-Wunknown-pragmas]
    1 | #pragma
      | 
Linking CXX executable cmTC_dd76c
/usr/bin/cmake -E cmake_link_script CMakeFiles/cmTC_dd76c.dir/link.txt --verbose=1
/usr/bin/aarch64-linux-gnu-g++    -fsigned-char -W -Wall -Wreturn-type -Wnon-virtual-dtor -Waddress -Wsequence-point -Wformat -Wformat-security -Wmissing-declarations -Wundef -Winit-self -Wpointer-arith -Wshadow -Wsign-promo -Wuninitialized -Wsuggest-override -Wno-delete-non-virtual-dtor -Wno-comment -Wimplicit-fallthrough=3 -Wno-strict-overflow -fdiagnostics-show-option -pthread -fomit-frame-pointer -ffunction-sections -fdata-sections  -fvisibility=hidden -fvisibility-inlines-hidden -Wno-deprecated  -O3 -DNDEBUG  -DNDEBUG   -Wl,--gc-sections -Wl,--as-needed -Wl,--no-undefined  CMakeFiles/cmTC_dd76c.dir/src.cxx.o -o cmTC_dd76c 
gmake[1]: Leaving directory '/home/rton/ModelQuantization/3rdparty/opencv/build_arm64/CMakeFiles/CMakeTmp'


===== END =====

Build output check failed:
    Regex: 'unrecognized .*option'
    Output line: 'cc1plus: note: unrecognized command-line option ‘-Wno-tautological-undefined-compare’ may have been intended to silence earlier diagnostics'
Compilation failed:
    source file: '/home/rton/ModelQuantization/3rdparty/opencv/build_arm64/CMakeFiles/CMakeTmp/src.cxx'
    check option: ' -Wno-tautological-undefined-compare'
===== BUILD LOG =====
Change Dir: /home/rton/ModelQuantization/3rdparty/opencv/build_arm64/CMakeFiles/CMakeTmp

Run Build Command(s):/usr/bin/gmake -f Makefile cmTC_6a37f/fast && /usr/bin/gmake  -f CMakeFiles/cmTC_6a37f.dir/build.make CMakeFiles/cmTC_6a37f.dir/build
gmake[1]: Entering directory '/home/rton/ModelQuantization/3rdparty/opencv/build_arm64/CMakeFiles/CMakeTmp'
Building CXX object CMakeFiles/cmTC_6a37f.dir/src.cxx.o
/usr/bin/aarch64-linux-gnu-g++   -fsigned-char -W -Wall -Wreturn-type -Wnon-virtual-dtor -Waddress -Wsequence-point -Wformat -Wformat-security -Winit-self -Wpointer-arith -Wuninitialized -Wsuggest-override -Wno-delete-non-virtual-dtor -Wno-comment -Wimplicit-fallthrough=3 -Wno-strict-overflow -fdiagnostics-show-option -pthread -fomit-frame-pointer -ffunction-sections -fdata-sections  -fvisibility=hidden -fvisibility-inlines-hidden -Wno-deprecated -Wno-missing-declarations -Wno-shadow -Wno-unused-parameter -Wno-unused-local-typedefs -Wno-sign-compare -Wno-sign-promo -Wno-undef  -O3 -DNDEBUG  -DNDEBUG -fPIE    -Wno-tautological-undefined-compare -std=c++11 -o CMakeFiles/cmTC_6a37f.dir/src.cxx.o -c /home/rton/ModelQuantization/3rdparty/opencv/build_arm64/CMakeFiles/CMakeTmp/src.cxx
/home/rton/ModelQuantization/3rdparty/opencv/build_arm64/CMakeFiles/CMakeTmp/src.cxx:1: warning: ignoring ‘#pragma  ’ [-Wunknown-pragmas]
    1 | #pragma
      | 
cc1plus: note: unrecognized command-line option ‘-Wno-tautological-undefined-compare’ may have been intended to silence earlier diagnostics
Linking CXX executable cmTC_6a37f
/usr/bin/cmake -E cmake_link_script CMakeFiles/cmTC_6a37f.dir/link.txt --verbose=1
/usr/bin/aarch64-linux-gnu-g++    -fsigned-char -W -Wall -Wreturn-type -Wnon-virtual-dtor -Waddress -Wsequence-point -Wformat -Wformat-security -Winit-self -Wpointer-arith -Wuninitialized -Wsuggest-override -Wno-delete-non-virtual-dtor -Wno-comment -Wimplicit-fallthrough=3 -Wno-strict-overflow -fdiagnostics-show-option -pthread -fomit-frame-pointer -ffunction-sections -fdata-sections  -fvisibility=hidden -fvisibility-inlines-hidden -Wno-deprecated -Wno-missing-declarations -Wno-shadow -Wno-unused-parameter -Wno-unused-local-typedefs -Wno-sign-compare -Wno-sign-promo -Wno-undef  -O3 -DNDEBUG  -DNDEBUG   -Wl,--gc-sections -Wl,--as-needed -Wl,--no-undefined  CMakeFiles/cmTC_6a37f.dir/src.cxx.o -o cmTC_6a37f 
gmake[1]: Leaving directory '/home/rton/ModelQuantization/3rdparty/opencv/build_arm64/CMakeFiles/CMakeTmp'


===== END =====

Build output check failed:
    Regex: 'unrecognized .*option'
    Output line: 'cc1plus: note: unrecognized command-line option ‘-Wno-shorten-64-to-32’ may have been intended to silence earlier diagnostics'
Compilation failed:
    source file: '/home/rton/ModelQuantization/3rdparty/opencv/build_arm64/CMakeFiles/CMakeTmp/src.cxx'
    check option: ' -Wno-shorten-64-to-32'
===== BUILD LOG =====
Change Dir: /home/rton/ModelQuantization/3rdparty/opencv/build_arm64/CMakeFiles/CMakeTmp

Run Build Command(s):/usr/bin/gmake -f Makefile cmTC_da715/fast && /usr/bin/gmake  -f CMakeFiles/cmTC_da715.dir/build.make CMakeFiles/cmTC_da715.dir/build
gmake[1]: Entering directory '/home/rton/ModelQuantization/3rdparty/opencv/build_arm64/CMakeFiles/CMakeTmp'
Building CXX object CMakeFiles/cmTC_da715.dir/src.cxx.o
/usr/bin/aarch64-linux-gnu-g++   -fsigned-char -W -Wall -Wreturn-type -Wnon-virtual-dtor -Waddress -Wsequence-point -Wformat -Wformat-security -Winit-self -Wpointer-arith -Wuninitialized -Wsuggest-override -Wno-delete-non-virtual-dtor -Wno-comment -Wimplicit-fallthrough=3 -Wno-strict-overflow -fdiagnostics-show-option -pthread -fomit-frame-pointer -ffunction-sections -fdata-sections  -fvisibility=hidden -fvisibility-inlines-hidden -Wno-deprecated -Wno-missing-declarations -Wno-shadow -Wno-unused-parameter -Wno-unused-local-typedefs -Wno-sign-compare -Wno-sign-promo -Wno-undef -Wno-ignored-qualifiers -Wno-extra -Wno-unused-function -Wno-unused-const-variable  -O3 -DNDEBUG  -DNDEBUG -fPIE    -Wno-shorten-64-to-32 -std=c++11 -o CMakeFiles/cmTC_da715.dir/src.cxx.o -c /home/rton/ModelQuantization/3rdparty/opencv/build_arm64/CMakeFiles/CMakeTmp/src.cxx
/home/rton/ModelQuantization/3rdparty/opencv/build_arm64/CMakeFiles/CMakeTmp/src.cxx:1: warning: ignoring ‘#pragma  ’ [-Wunknown-pragmas]
    1 | #pragma
      | 
cc1plus: note: unrecognized command-line option ‘-Wno-shorten-64-to-32’ may have been intended to silence earlier diagnostics
Linking CXX executable cmTC_da715
/usr/bin/cmake -E cmake_link_script CMakeFiles/cmTC_da715.dir/link.txt --verbose=1
/usr/bin/aarch64-linux-gnu-g++    -fsigned-char -W -Wall -Wreturn-type -Wnon-virtual-dtor -Waddress -Wsequence-point -Wformat -Wformat-security -Winit-self -Wpointer-arith -Wuninitialized -Wsuggest-override -Wno-delete-non-virtual-dtor -Wno-comment -Wimplicit-fallthrough=3 -Wno-strict-overflow -fdiagnostics-show-option -pthread -fomit-frame-pointer -ffunction-sections -fdata-sections  -fvisibility=hidden -fvisibility-inlines-hidden -Wno-deprecated -Wno-missing-declarations -Wno-shadow -Wno-unused-parameter -Wno-unused-local-typedefs -Wno-sign-compare -Wno-sign-promo -Wno-undef -Wno-ignored-qualifiers -Wno-extra -Wno-unused-function -Wno-unused-const-variable  -O3 -DNDEBUG  -DNDEBUG   -Wl,--gc-sections -Wl,--as-needed -Wl,--no-undefined  CMakeFiles/cmTC_da715.dir/src.cxx.o -o cmTC_da715 
gmake[1]: Leaving directory '/home/rton/ModelQuantization/3rdparty/opencv/build_arm64/CMakeFiles/CMakeTmp'


===== END =====

Build output check failed:
    Regex: 'unrecognized .*option'
    Output line: 'cc1plus: note: unrecognized command-line option ‘-Wno-enum-compare-switch’ may have been intended to silence earlier diagnostics'
Compilation failed:
    source file: '/home/rton/ModelQuantization/3rdparty/opencv/build_arm64/CMakeFiles/CMakeTmp/src.cxx'
    check option: ' -Wno-enum-compare-switch'
===== BUILD LOG =====
Change Dir: /home/rton/ModelQuantization/3rdparty/opencv/build_arm64/CMakeFiles/CMakeTmp

Run Build Command(s):/usr/bin/gmake -f Makefile cmTC_103d5/fast && /usr/bin/gmake  -f CMakeFiles/cmTC_103d5.dir/build.make CMakeFiles/cmTC_103d5.dir/build
gmake[1]: Entering directory '/home/rton/ModelQuantization/3rdparty/opencv/build_arm64/CMakeFiles/CMakeTmp'
Building CXX object CMakeFiles/cmTC_103d5.dir/src.cxx.o
/usr/bin/aarch64-linux-gnu-g++   -fsigned-char -W -Wall -Wreturn-type -Wnon-virtual-dtor -Waddress -Wsequence-point -Wformat -Wformat-security -Winit-self -Wpointer-arith -Wuninitialized -Wsuggest-override -Wno-delete-non-virtual-dtor -Wno-comment -Wimplicit-fallthrough=3 -Wno-strict-overflow -fdiagnostics-show-option -pthread -fomit-frame-pointer -ffunction-sections -fdata-sections  -fvisibility=hidden -fvisibility-inlines-hidden -Wno-deprecated -Wno-missing-declarations -Wno-shadow -Wno-unused-parameter -Wno-unused-local-typedefs -Wno-sign-compare -Wno-sign-promo -Wno-undef -Wno-ignored-qualifiers -Wno-extra -Wno-unused-function -Wno-unused-const-variable -Wno-invalid-offsetof  -O3 -DNDEBUG  -DNDEBUG -fPIE    -Wno-enum-compare-switch -std=c++11 -o CMakeFiles/cmTC_103d5.dir/src.cxx.o -c /home/rton/ModelQuantization/3rdparty/opencv/build_arm64/CMakeFiles/CMakeTmp/src.cxx
/home/rton/ModelQuantization/3rdparty/opencv/build_arm64/CMakeFiles/CMakeTmp/src.cxx:1: warning: ignoring ‘#pragma  ’ [-Wunknown-pragmas]
    1 | #pragma
      | 
cc1plus: note: unrecognized command-line option ‘-Wno-enum-compare-switch’ may have been intended to silence earlier diagnostics
Linking CXX executable cmTC_103d5
/usr/bin/cmake -E cmake_link_script CMakeFiles/cmTC_103d5.dir/link.txt --verbose=1
/usr/bin/aarch64-linux-gnu-g++    -fsigned-char -W -Wall -Wreturn-type -Wnon-virtual-dtor -Waddress -Wsequence-point -Wformat -Wformat-security -Winit-self -Wpointer-arith -Wuninitialized -Wsuggest-override -Wno-delete-non-virtual-dtor -Wno-comment -Wimplicit-fallthrough=3 -Wno-strict-overflow -fdiagnostics-show-option -pthread -fomit-frame-pointer -ffunction-sections -fdata-sections  -fvisibility=hidden -fvisibility-inlines-hidden -Wno-deprecated -Wno-missing-declarations -Wno-shadow -Wno-unused-parameter -Wno-unused-local-typedefs -Wno-sign-compare -Wno-sign-promo -Wno-undef -Wno-ignored-qualifiers -Wno-extra -Wno-unused-function -Wno-unused-const-variable -Wno-invalid-offsetof  -O3 -DNDEBUG  -DNDEBUG   -Wl,--gc-sections -Wl,--as-needed -Wl,--no-undefined  CMakeFiles/cmTC_103d5.dir/src.cxx.o -o cmTC_103d5 
gmake[1]: Leaving directory '/home/rton/ModelQuantization/3rdparty/opencv/build_arm64/CMakeFiles/CMakeTmp'


===== END =====

Build output check failed:
    Regex: 'unrecognized .*option'
    Output line: 'cc1plus: note: unrecognized command-line option ‘-Wno-inconsistent-missing-override’ may have been intended to silence earlier diagnostics'
Compilation failed:
    source file: '/home/rton/ModelQuantization/3rdparty/opencv/build_arm64/CMakeFiles/CMakeTmp/src.cxx'
    check option: ' -Wno-inconsistent-missing-override'
===== BUILD LOG =====
Change Dir: /home/rton/ModelQuantization/3rdparty/opencv/build_arm64/CMakeFiles/CMakeTmp

Run Build Command(s):/usr/bin/gmake -f Makefile cmTC_aef86/fast && /usr/bin/gmake  -f CMakeFiles/cmTC_aef86.dir/build.make CMakeFiles/cmTC_aef86.dir/build
gmake[1]: Entering directory '/home/rton/ModelQuantization/3rdparty/opencv/build_arm64/CMakeFiles/CMakeTmp'
Building CXX object CMakeFiles/cmTC_aef86.dir/src.cxx.o
/usr/bin/aarch64-linux-gnu-g++   -fsigned-char -W -Wall -Wreturn-type -Wnon-virtual-dtor -Waddress -Wsequence-point -Wformat -Wformat-security -Winit-self -Wpointer-arith -Wuninitialized -Wno-delete-non-virtual-dtor -Wno-comment -Wimplicit-fallthrough=3 -Wno-strict-overflow -fdiagnostics-show-option -pthread -fomit-frame-pointer -ffunction-sections -fdata-sections  -fvisibility=hidden -fvisibility-inlines-hidden -Wno-deprecated -Wno-missing-declarations -Wno-shadow -Wno-unused-parameter -Wno-unused-local-typedefs -Wno-sign-compare -Wno-sign-promo -Wno-undef -Wno-ignored-qualifiers -Wno-extra -Wno-unused-function -Wno-unused-const-variable -Wno-invalid-offsetof -Wno-suggest-override  -O3 -DNDEBUG  -DNDEBUG -fPIE    -Wno-inconsistent-missing-override -std=c++11 -o CMakeFiles/cmTC_aef86.dir/src.cxx.o -c /home/rton/ModelQuantization/3rdparty/opencv/build_arm64/CMakeFiles/CMakeTmp/src.cxx
/home/rton/ModelQuantization/3rdparty/opencv/build_arm64/CMakeFiles/CMakeTmp/src.cxx:1: warning: ignoring ‘#pragma  ’ [-Wunknown-pragmas]
    1 | #pragma
      | 
cc1plus: note: unrecognized command-line option ‘-Wno-inconsistent-missing-override’ may have been intended to silence earlier diagnostics
Linking CXX executable cmTC_aef86
/usr/bin/cmake -E cmake_link_script CMakeFiles/cmTC_aef86.dir/link.txt --verbose=1
/usr/bin/aarch64-linux-gnu-g++    -fsigned-char -W -Wall -Wreturn-type -Wnon-virtual-dtor -Waddress -Wsequence-point -Wformat -Wformat-security -Winit-self -Wpointer-arith -Wuninitialized -Wno-delete-non-virtual-dtor -Wno-comment -Wimplicit-fallthrough=3 -Wno-strict-overflow -fdiagnostics-show-option -pthread -fomit-frame-pointer -ffunction-sections -fdata-sections  -fvisibility=hidden -fvisibility-inlines-hidden -Wno-deprecated -Wno-missing-declarations -Wno-shadow -Wno-unused-parameter -Wno-unused-local-typedefs -Wno-sign-compare -Wno-sign-promo -Wno-undef -Wno-ignored-qualifiers -Wno-extra -Wno-unused-function -Wno-unused-const-variable -Wno-invalid-offsetof -Wno-suggest-override  -O3 -DNDEBUG  -DNDEBUG   -Wl,--gc-sections -Wl,--as-needed -Wl,--no-undefined  CMakeFiles/cmTC_aef86.dir/src.cxx.o -o cmTC_aef86 
gmake[1]: Leaving directory '/home/rton/ModelQuantization/3rdparty/opencv/build_arm64/CMakeFiles/CMakeTmp'


===== END =====

Build output check failed:
    Regex: 'unrecognized .*option'
    Output line: 'cc1plus: note: unrecognized command-line option ‘-Wno-comma’ may have been intended to silence earlier diagnostics'
Compilation failed:
    source file: '/home/rton/ModelQuantization/3rdparty/opencv/build_arm64/CMakeFiles/CMakeTmp/src.cxx'
    check option: ' -Wno-comma'
===== BUILD LOG =====
Change Dir: /home/rton/ModelQuantization/3rdparty/opencv/build_arm64/CMakeFiles/CMakeTmp

Run Build Command(s):/usr/bin/gmake -f Makefile cmTC_133c4/fast && /usr/bin/gmake  -f CMakeFiles/cmTC_133c4.dir/build.make CMakeFiles/cmTC_133c4.dir/build
gmake[1]: Entering directory '/home/rton/ModelQuantization/3rdparty/opencv/build_arm64/CMakeFiles/CMakeTmp'
Building CXX object CMakeFiles/cmTC_133c4.dir/src.cxx.o
/usr/bin/aarch64-linux-gnu-g++   -fsigned-char -W -Wall -Wreturn-type -Wnon-virtual-dtor -Waddress -Wsequence-point -Wformat -Wformat-security -Winit-self -Wpointer-arith -Wuninitialized -Wno-delete-non-virtual-dtor -Wno-comment -Wno-strict-overflow -fdiagnostics-show-option -pthread -fomit-frame-pointer -ffunction-sections -fdata-sections  -fvisibility=hidden -fvisibility-inlines-hidden -Wno-deprecated -Wno-missing-declarations -Wno-shadow -Wno-unused-parameter -Wno-unused-local-typedefs -Wno-sign-compare -Wno-sign-promo -Wno-undef -Wno-ignored-qualifiers -Wno-extra -Wno-unused-function -Wno-unused-const-variable -Wno-invalid-offsetof -Wno-suggest-override -Wno-implicit-fallthrough -Wno-array-bounds -Wno-stringop-overflow -Wno-stringop-overread -Wno-extra-semi  -O3 -DNDEBUG  -DNDEBUG -fPIE    -Wno-comma -std=c++11 -o CMakeFiles/cmTC_133c4.dir/src.cxx.o -c /home/rton/ModelQuantization/3rdparty/opencv/build_arm64/CMakeFiles/CMakeTmp/src.cxx
/home/rton/ModelQuantization/3rdparty/opencv/build_arm64/CMakeFiles/CMakeTmp/src.cxx:1: warning: ignoring ‘#pragma  ’ [-Wunknown-pragmas]
    1 | #pragma
      | 
cc1plus: note: unrecognized command-line option ‘-Wno-comma’ may have been intended to silence earlier diagnostics
Linking CXX executable cmTC_133c4
/usr/bin/cmake -E cmake_link_script CMakeFiles/cmTC_133c4.dir/link.txt --verbose=1
/usr/bin/aarch64-linux-gnu-g++    -fsigned-char -W -Wall -Wreturn-type -Wnon-virtual-dtor -Waddress -Wsequence-point -Wformat -Wformat-security -Winit-self -Wpointer-arith -Wuninitialized -Wno-delete-non-virtual-dtor -Wno-comment -Wno-strict-overflow -fdiagnostics-show-option -pthread -fomit-frame-pointer -ffunction-sections -fdata-sections  -fvisibility=hidden -fvisibility-inlines-hidden -Wno-deprecated -Wno-missing-declarations -Wno-shadow -Wno-unused-parameter -Wno-unused-local-typedefs -Wno-sign-compare -Wno-sign-promo -Wno-undef -Wno-ignored-qualifiers -Wno-extra -Wno-unused-function -Wno-unused-const-variable -Wno-invalid-offsetof -Wno-suggest-override -Wno-implicit-fallthrough -Wno-array-bounds -Wno-stringop-overflow -Wno-stringop-overread -Wno-extra-semi  -O3 -DNDEBUG  -DNDEBUG   -Wl,--gc-sections -Wl,--as-needed -Wl,--no-undefined  CMakeFiles/cmTC_133c4.dir/src.cxx.o -o cmTC_133c4 
gmake[1]: Leaving directory '/home/rton/ModelQuantization/3rdparty/opencv/build_arm64/CMakeFiles/CMakeTmp'


===== END =====

